<?xml version="1.0" encoding="UTF-8"?>
<testsuite name="repls.ReplsTestSuite4_1" tests="0" skipped="0" failures="0" errors="0" timestamp="1970-01-01T00:00:00" hostname="hmakimei-Lenovo-ideapad-330S-14IKB" time="0.0">
  <properties/>
  <system-out><![CDATA[You got 5/115 points!
You do not pass assignment 4.1 yet]]></system-out>
  <system-err><![CDATA[]]></system-err>
</testsuite>
